     1                                  bits 32 ; assembling for the 32 bits architecture
     2                                  
     3                                  ; declare the EntryPoint (a label defining the very first instruction of the program)
     4                                  global start        
     5                                  
     6                                  ; declare external functions needed by our program
     7                                  extern exit               ; tell nasm that exit exists even if we won't be defining it
     8                                  import exit msvcrt.dll    ; exit is a function that ends the calling process. It is defined in msvcrt.dll
     9                                                            ; msvcrt.dll contains exit, printf and all the other important C-runtime specific functions
    10                                  
    11                                  ; our data is declared here (the variables needed by our program)
    12                                  segment data use32 class=data
    13                                      ; ...
    14                                      ;Replace the bits 0-3 of the byte B by the bits 8-11 of the word A.
    15                                      
    16                                      
    17                                      
    18                                  ; our code starts here
    19                                  segment code use32 class=code
    20                                      start:
    21                                          ; ...
    22 00000000 B87B000000                      mov eax,123
    23 00000005 83E0FE                          and eax,11111111111111111111111111111110b
    24                                          ; exit(0)
    25 00000008 6A00                            push    dword 0      ; push the parameter for exit onto the stack
    26 0000000A FF15[00000000]                  call    [exit]       ; call exit to terminate the program
    27                                  
    28                                          
