Pif:
(main, 0)
((, 0)
(), 0)
({, 0)
(var, 0)
(id, (273, 0))
(var, 0)
(id, (274, 0))
(Read, 0)
(>>, 0)
(id, (273, 0))
(Read, 0)
(>>, 0)
(id, (274, 0))
(if, 0)
((, 0)
(id, (273, 0))
(%, 0)
(const, (50, 0))
(==, 0)
(const, (48, 0))
(and, 0)
(id, (274, 0))
(%, 0)
(const, (50, 0))
(==, 0)
(const, (49, 0))
(), 0)
(or, 0)
((, 0)
(id, (273, 0))
(%, 0)
(const, (50, 0))
(==, 0)
(const, (49, 0))
(and, 0)
(id, (274, 0))
(%, 0)
(const, (50, 0))
(==, 0)
(const, (48, 0))
(), 0)
(:, 0)
(Write, 0)
(<<, 0)
(id, (273, 0))
(+, 0)
(id, (274, 0))
(else, 0)
(:, 0)
(Write, 0)
(<<, 0)
(const, (48, 0))
(}, 0)

St:
(48, 0) =>0
(49, 0) =>1
(50, 0) =>2
(273, 0) =>nr1
(274, 0) =>nr2
Erros detected: 
Lexical correct